CRITICAL - 2024-10-01 07:39:36 --> ErrorException: Undefined property: stdClass::$id_compra
[Method: GET, Route: compra/editarCompra/5]
in APPPATH\Views\compra\editarCompra.php on line 12.
 1 APPPATH\Views\compra\editarCompra.php(12): CodeIgniter\Debug\Exceptions->errorHandler(2, 'Undefined property: stdClass::$id_compra', 'C:\\xampp\\htdocs\\Barberia\\app\\Views\\compra\\editarCompra.php', 12)
 2 SYSTEMPATH\View\View.php(234): include('C:\\xampp\\htdocs\\Barberia\\app\\Views\\compra\\editarCompra.php')
 3 SYSTEMPATH\View\View.php(237): CodeIgniter\View\View->CodeIgniter\View\{closure}()
 4 SYSTEMPATH\Common.php(1169): CodeIgniter\View\View->render('compra/editarCompra', [], true)
 5 APPPATH\Controllers\Compra.php(76): view('compra/editarCompra', [...])
 6 SYSTEMPATH\CodeIgniter.php(933): App\Controllers\Compra->editarCompra('5')
 7 SYSTEMPATH\CodeIgniter.php(509): CodeIgniter\CodeIgniter->runController(Object(App\Controllers\Compra))
 8 SYSTEMPATH\CodeIgniter.php(355): CodeIgniter\CodeIgniter->handleRequest(null, Object(Config\Cache), false)
 9 SYSTEMPATH\Boot.php(325): CodeIgniter\CodeIgniter->run()
10 SYSTEMPATH\Boot.php(67): CodeIgniter\Boot::runCodeIgniter(Object(CodeIgniter\CodeIgniter))
11 FCPATH\index.php(56): CodeIgniter\Boot::bootWeb(Object(Config\Paths))
12 SYSTEMPATH\rewrite.php(44): require_once('C:\\xampp\\htdocs\\Barberia\\public\\index.php')
CRITICAL - 2024-10-01 07:40:47 --> ErrorException: Undefined variable $estados
[Method: GET, Route: compra/editarCompra/5]
in APPPATH\Views\compra\editarCompra.php on line 27.
 1 APPPATH\Views\compra\editarCompra.php(27): CodeIgniter\Debug\Exceptions->errorHandler(2, 'Undefined variable $estados', 'C:\\xampp\\htdocs\\Barberia\\app\\Views\\compra\\editarCompra.php', 27)
 2 SYSTEMPATH\View\View.php(234): include('C:\\xampp\\htdocs\\Barberia\\app\\Views\\compra\\editarCompra.php')
 3 SYSTEMPATH\View\View.php(237): CodeIgniter\View\View->CodeIgniter\View\{closure}()
 4 SYSTEMPATH\Common.php(1169): CodeIgniter\View\View->render('compra/editarCompra', [], true)
 5 APPPATH\Controllers\Compra.php(76): view('compra/editarCompra', [...])
 6 SYSTEMPATH\CodeIgniter.php(933): App\Controllers\Compra->editarCompra('5')
 7 SYSTEMPATH\CodeIgniter.php(509): CodeIgniter\CodeIgniter->runController(Object(App\Controllers\Compra))
 8 SYSTEMPATH\CodeIgniter.php(355): CodeIgniter\CodeIgniter->handleRequest(null, Object(Config\Cache), false)
 9 SYSTEMPATH\Boot.php(325): CodeIgniter\CodeIgniter->run()
10 SYSTEMPATH\Boot.php(67): CodeIgniter\Boot::runCodeIgniter(Object(CodeIgniter\CodeIgniter))
11 FCPATH\index.php(56): CodeIgniter\Boot::bootWeb(Object(Config\Paths))
12 SYSTEMPATH\rewrite.php(44): require_once('C:\\xampp\\htdocs\\Barberia\\public\\index.php')
INFO - 2024-10-01 07:52:23 --> Session: Class initialized using 'CodeIgniter\Session\Handlers\FileHandler' driver.
