CRITICAL - 2024-11-03 23:26:35 --> CodeIgniter\View\Exceptions\ViewException: Invalid file: "usuario/listaProdcuto.php"
[Method: GET, Route: producto/lista]
in SYSTEMPATH\Exceptions\FrameworkException.php on line 41.
 1 SYSTEMPATH\View\View.php(222): CodeIgniter\Exceptions\FrameworkException::forInvalidFile('usuario/listaProdcuto.php')
 2 SYSTEMPATH\Common.php(1169): CodeIgniter\View\View->render('usuario/listaProdcuto', [], true)
 3 APPPATH\Controllers\Producto.php(118): view('usuario/listaProdcuto', [...])
 4 SYSTEMPATH\CodeIgniter.php(933): App\Controllers\Producto->listaProducto()
 5 SYSTEMPATH\CodeIgniter.php(509): CodeIgniter\CodeIgniter->runController(Object(App\Controllers\Producto))
 6 SYSTEMPATH\CodeIgniter.php(355): CodeIgniter\CodeIgniter->handleRequest(null, Object(Config\Cache), false)
 7 SYSTEMPATH\Boot.php(325): CodeIgniter\CodeIgniter->run()
 8 SYSTEMPATH\Boot.php(67): CodeIgniter\Boot::runCodeIgniter(Object(CodeIgniter\CodeIgniter))
 9 FCPATH\index.php(56): CodeIgniter\Boot::bootWeb(Object(Config\Paths))
10 SYSTEMPATH\rewrite.php(44): require_once('C:\\xampp\\htdocs\\Barberia\\public\\index.php')
CRITICAL - 2024-11-03 23:27:56 --> ErrorException: Undefined property: stdClass::$idProducto
[Method: GET, Route: producto/lista]
in APPPATH\Views\usuario\listaProducto.php on line 11.
 1 APPPATH\Views\usuario\listaProducto.php(11): CodeIgniter\Debug\Exceptions->errorHandler(2, 'Undefined property: stdClass::$idProducto', 'C:\\xampp\\htdocs\\Barberia\\app\\Views\\usuario\\listaProducto.php', 11)
 2 SYSTEMPATH\View\View.php(234): include('C:\\xampp\\htdocs\\Barberia\\app\\Views\\usuario\\listaProducto.php')
 3 SYSTEMPATH\View\View.php(237): CodeIgniter\View\View->CodeIgniter\View\{closure}()
 4 SYSTEMPATH\Common.php(1169): CodeIgniter\View\View->render('usuario/listaProducto', [], true)
 5 APPPATH\Controllers\Producto.php(118): view('usuario/listaProducto', [...])
 6 SYSTEMPATH\CodeIgniter.php(933): App\Controllers\Producto->listaProducto()
 7 SYSTEMPATH\CodeIgniter.php(509): CodeIgniter\CodeIgniter->runController(Object(App\Controllers\Producto))
 8 SYSTEMPATH\CodeIgniter.php(355): CodeIgniter\CodeIgniter->handleRequest(null, Object(Config\Cache), false)
 9 SYSTEMPATH\Boot.php(325): CodeIgniter\CodeIgniter->run()
10 SYSTEMPATH\Boot.php(67): CodeIgniter\Boot::runCodeIgniter(Object(CodeIgniter\CodeIgniter))
11 FCPATH\index.php(56): CodeIgniter\Boot::bootWeb(Object(Config\Paths))
12 SYSTEMPATH\rewrite.php(44): require_once('C:\\xampp\\htdocs\\Barberia\\public\\index.php')
CRITICAL - 2024-11-03 23:38:11 --> ErrorException: Undefined property: stdClass::$marca
[Method: GET, Route: producto/lista]
in APPPATH\Views\usuario\listaProducto.php on line 12.
 1 APPPATH\Views\usuario\listaProducto.php(12): CodeIgniter\Debug\Exceptions->errorHandler(2, 'Undefined property: stdClass::$marca', 'C:\\xampp\\htdocs\\Barberia\\app\\Views\\usuario\\listaProducto.php', 12)
 2 SYSTEMPATH\View\View.php(234): include('C:\\xampp\\htdocs\\Barberia\\app\\Views\\usuario\\listaProducto.php')
 3 SYSTEMPATH\View\View.php(237): CodeIgniter\View\View->CodeIgniter\View\{closure}()
 4 SYSTEMPATH\Common.php(1169): CodeIgniter\View\View->render('usuario/listaProducto', [], true)
 5 APPPATH\Controllers\Producto.php(118): view('usuario/listaProducto', [...])
 6 SYSTEMPATH\CodeIgniter.php(933): App\Controllers\Producto->listaProducto()
 7 SYSTEMPATH\CodeIgniter.php(509): CodeIgniter\CodeIgniter->runController(Object(App\Controllers\Producto))
 8 SYSTEMPATH\CodeIgniter.php(355): CodeIgniter\CodeIgniter->handleRequest(null, Object(Config\Cache), false)
 9 SYSTEMPATH\Boot.php(325): CodeIgniter\CodeIgniter->run()
10 SYSTEMPATH\Boot.php(67): CodeIgniter\Boot::runCodeIgniter(Object(CodeIgniter\CodeIgniter))
11 FCPATH\index.php(56): CodeIgniter\Boot::bootWeb(Object(Config\Paths))
12 SYSTEMPATH\rewrite.php(44): require_once('C:\\xampp\\htdocs\\Barberia\\public\\index.php')
CRITICAL - 2024-11-03 23:38:23 --> ErrorException: Undefined property: stdClass::$marca
[Method: GET, Route: producto/lista]
in APPPATH\Views\usuario\listaProducto.php on line 12.
 1 APPPATH\Views\usuario\listaProducto.php(12): CodeIgniter\Debug\Exceptions->errorHandler(2, 'Undefined property: stdClass::$marca', 'C:\\xampp\\htdocs\\Barberia\\app\\Views\\usuario\\listaProducto.php', 12)
 2 SYSTEMPATH\View\View.php(234): include('C:\\xampp\\htdocs\\Barberia\\app\\Views\\usuario\\listaProducto.php')
 3 SYSTEMPATH\View\View.php(237): CodeIgniter\View\View->CodeIgniter\View\{closure}()
 4 SYSTEMPATH\Common.php(1169): CodeIgniter\View\View->render('usuario/listaProducto', [], true)
 5 APPPATH\Controllers\Producto.php(118): view('usuario/listaProducto', [...])
 6 SYSTEMPATH\CodeIgniter.php(933): App\Controllers\Producto->listaProducto()
 7 SYSTEMPATH\CodeIgniter.php(509): CodeIgniter\CodeIgniter->runController(Object(App\Controllers\Producto))
 8 SYSTEMPATH\CodeIgniter.php(355): CodeIgniter\CodeIgniter->handleRequest(null, Object(Config\Cache), false)
 9 SYSTEMPATH\Boot.php(325): CodeIgniter\CodeIgniter->run()
10 SYSTEMPATH\Boot.php(67): CodeIgniter\Boot::runCodeIgniter(Object(CodeIgniter\CodeIgniter))
11 FCPATH\index.php(56): CodeIgniter\Boot::bootWeb(Object(Config\Paths))
12 SYSTEMPATH\rewrite.php(44): require_once('C:\\xampp\\htdocs\\Barberia\\public\\index.php')
CRITICAL - 2024-11-03 23:40:02 --> Error: Object of class stdClass could not be converted to string
[Method: GET, Route: producto/lista]
in APPPATH\Views\usuario\listaProducto.php on line 12.
 1 SYSTEMPATH\View\View.php(234): include()
 2 SYSTEMPATH\View\View.php(237): CodeIgniter\View\View->CodeIgniter\View\{closure}()
 3 SYSTEMPATH\Common.php(1169): CodeIgniter\View\View->render('usuario/listaProducto', [], true)
 4 APPPATH\Controllers\Producto.php(118): view('usuario/listaProducto', [...])
 5 SYSTEMPATH\CodeIgniter.php(933): App\Controllers\Producto->listaProducto()
 6 SYSTEMPATH\CodeIgniter.php(509): CodeIgniter\CodeIgniter->runController(Object(App\Controllers\Producto))
 7 SYSTEMPATH\CodeIgniter.php(355): CodeIgniter\CodeIgniter->handleRequest(null, Object(Config\Cache), false)
 8 SYSTEMPATH\Boot.php(325): CodeIgniter\CodeIgniter->run()
 9 SYSTEMPATH\Boot.php(67): CodeIgniter\Boot::runCodeIgniter(Object(CodeIgniter\CodeIgniter))
10 FCPATH\index.php(56): CodeIgniter\Boot::bootWeb(Object(Config\Paths))
11 SYSTEMPATH\rewrite.php(44): require_once('C:\\xampp\\htdocs\\Barberia\\public\\index.php')
CRITICAL - 2024-11-03 23:41:22 --> Error: Object of class stdClass could not be converted to string
[Method: GET, Route: producto/lista]
in APPPATH\Views\usuario\listaProducto.php on line 12.
 1 SYSTEMPATH\View\View.php(234): include()
 2 SYSTEMPATH\View\View.php(237): CodeIgniter\View\View->CodeIgniter\View\{closure}()
 3 SYSTEMPATH\Common.php(1169): CodeIgniter\View\View->render('usuario/listaProducto', [], true)
 4 APPPATH\Controllers\Producto.php(120): view('usuario/listaProducto', [...])
 5 SYSTEMPATH\CodeIgniter.php(933): App\Controllers\Producto->listaProducto()
 6 SYSTEMPATH\CodeIgniter.php(509): CodeIgniter\CodeIgniter->runController(Object(App\Controllers\Producto))
 7 SYSTEMPATH\CodeIgniter.php(355): CodeIgniter\CodeIgniter->handleRequest(null, Object(Config\Cache), false)
 8 SYSTEMPATH\Boot.php(325): CodeIgniter\CodeIgniter->run()
 9 SYSTEMPATH\Boot.php(67): CodeIgniter\Boot::runCodeIgniter(Object(CodeIgniter\CodeIgniter))
10 FCPATH\index.php(56): CodeIgniter\Boot::bootWeb(Object(Config\Paths))
11 SYSTEMPATH\rewrite.php(44): require_once('C:\\xampp\\htdocs\\Barberia\\public\\index.php')
CRITICAL - 2024-11-03 23:42:10 --> Error: Object of class stdClass could not be converted to string
[Method: GET, Route: producto/lista]
in APPPATH\Views\usuario\listaProducto.php on line 12.
 1 SYSTEMPATH\View\View.php(234): include()
 2 SYSTEMPATH\View\View.php(237): CodeIgniter\View\View->CodeIgniter\View\{closure}()
 3 SYSTEMPATH\Common.php(1169): CodeIgniter\View\View->render('usuario/listaProducto', [], true)
 4 APPPATH\Controllers\Producto.php(120): view('usuario/listaProducto', [...])
 5 SYSTEMPATH\CodeIgniter.php(933): App\Controllers\Producto->listaProducto()
 6 SYSTEMPATH\CodeIgniter.php(509): CodeIgniter\CodeIgniter->runController(Object(App\Controllers\Producto))
 7 SYSTEMPATH\CodeIgniter.php(355): CodeIgniter\CodeIgniter->handleRequest(null, Object(Config\Cache), false)
 8 SYSTEMPATH\Boot.php(325): CodeIgniter\CodeIgniter->run()
 9 SYSTEMPATH\Boot.php(67): CodeIgniter\Boot::runCodeIgniter(Object(CodeIgniter\CodeIgniter))
10 FCPATH\index.php(56): CodeIgniter\Boot::bootWeb(Object(Config\Paths))
11 SYSTEMPATH\rewrite.php(44): require_once('C:\\xampp\\htdocs\\Barberia\\public\\index.php')
CRITICAL - 2024-11-03 23:56:34 --> ErrorException: Undefined property: stdClass::$idProducto
[Method: GET, Route: producto/lista]
in APPPATH\Views\usuario\listaProducto.php on line 10.
 1 APPPATH\Views\usuario\listaProducto.php(10): CodeIgniter\Debug\Exceptions->errorHandler(2, 'Undefined property: stdClass::$idProducto', 'C:\\xampp\\htdocs\\Barberia\\app\\Views\\usuario\\listaProducto.php', 10)
 2 SYSTEMPATH\View\View.php(234): include('C:\\xampp\\htdocs\\Barberia\\app\\Views\\usuario\\listaProducto.php')
 3 SYSTEMPATH\View\View.php(237): CodeIgniter\View\View->CodeIgniter\View\{closure}()
 4 SYSTEMPATH\Common.php(1169): CodeIgniter\View\View->render('usuario/listaProducto', [], true)
 5 APPPATH\Controllers\Producto.php(120): view('usuario/listaProducto', [...])
 6 SYSTEMPATH\CodeIgniter.php(933): App\Controllers\Producto->listaProducto()
 7 SYSTEMPATH\CodeIgniter.php(509): CodeIgniter\CodeIgniter->runController(Object(App\Controllers\Producto))
 8 SYSTEMPATH\CodeIgniter.php(355): CodeIgniter\CodeIgniter->handleRequest(null, Object(Config\Cache), false)
 9 SYSTEMPATH\Boot.php(325): CodeIgniter\CodeIgniter->run()
10 SYSTEMPATH\Boot.php(67): CodeIgniter\Boot::runCodeIgniter(Object(CodeIgniter\CodeIgniter))
11 FCPATH\index.php(56): CodeIgniter\Boot::bootWeb(Object(Config\Paths))
12 SYSTEMPATH\rewrite.php(44): require_once('C:\\xampp\\htdocs\\Barberia\\public\\index.php')
CRITICAL - 2024-11-03 23:57:12 --> ErrorException: Undefined property: stdClass::$idProducto
[Method: GET, Route: producto/lista]
in APPPATH\Views\usuario\listaProducto.php on line 10.
 1 APPPATH\Views\usuario\listaProducto.php(10): CodeIgniter\Debug\Exceptions->errorHandler(2, 'Undefined property: stdClass::$idProducto', 'C:\\xampp\\htdocs\\Barberia\\app\\Views\\usuario\\listaProducto.php', 10)
 2 SYSTEMPATH\View\View.php(234): include('C:\\xampp\\htdocs\\Barberia\\app\\Views\\usuario\\listaProducto.php')
 3 SYSTEMPATH\View\View.php(237): CodeIgniter\View\View->CodeIgniter\View\{closure}()
 4 SYSTEMPATH\Common.php(1169): CodeIgniter\View\View->render('usuario/listaProducto', [], true)
 5 APPPATH\Controllers\Producto.php(120): view('usuario/listaProducto', [...])
 6 SYSTEMPATH\CodeIgniter.php(933): App\Controllers\Producto->listaProducto()
 7 SYSTEMPATH\CodeIgniter.php(509): CodeIgniter\CodeIgniter->runController(Object(App\Controllers\Producto))
 8 SYSTEMPATH\CodeIgniter.php(355): CodeIgniter\CodeIgniter->handleRequest(null, Object(Config\Cache), false)
 9 SYSTEMPATH\Boot.php(325): CodeIgniter\CodeIgniter->run()
10 SYSTEMPATH\Boot.php(67): CodeIgniter\Boot::runCodeIgniter(Object(CodeIgniter\CodeIgniter))
11 FCPATH\index.php(56): CodeIgniter\Boot::bootWeb(Object(Config\Paths))
12 SYSTEMPATH\rewrite.php(44): require_once('C:\\xampp\\htdocs\\Barberia\\public\\index.php')
CRITICAL - 2024-11-03 23:57:14 --> ErrorException: Undefined property: stdClass::$idProducto
[Method: GET, Route: producto/lista]
in APPPATH\Views\usuario\listaProducto.php on line 10.
 1 APPPATH\Views\usuario\listaProducto.php(10): CodeIgniter\Debug\Exceptions->errorHandler(2, 'Undefined property: stdClass::$idProducto', 'C:\\xampp\\htdocs\\Barberia\\app\\Views\\usuario\\listaProducto.php', 10)
 2 SYSTEMPATH\View\View.php(234): include('C:\\xampp\\htdocs\\Barberia\\app\\Views\\usuario\\listaProducto.php')
 3 SYSTEMPATH\View\View.php(237): CodeIgniter\View\View->CodeIgniter\View\{closure}()
 4 SYSTEMPATH\Common.php(1169): CodeIgniter\View\View->render('usuario/listaProducto', [], true)
 5 APPPATH\Controllers\Producto.php(120): view('usuario/listaProducto', [...])
 6 SYSTEMPATH\CodeIgniter.php(933): App\Controllers\Producto->listaProducto()
 7 SYSTEMPATH\CodeIgniter.php(509): CodeIgniter\CodeIgniter->runController(Object(App\Controllers\Producto))
 8 SYSTEMPATH\CodeIgniter.php(355): CodeIgniter\CodeIgniter->handleRequest(null, Object(Config\Cache), false)
 9 SYSTEMPATH\Boot.php(325): CodeIgniter\CodeIgniter->run()
10 SYSTEMPATH\Boot.php(67): CodeIgniter\Boot::runCodeIgniter(Object(CodeIgniter\CodeIgniter))
11 FCPATH\index.php(56): CodeIgniter\Boot::bootWeb(Object(Config\Paths))
12 SYSTEMPATH\rewrite.php(44): require_once('C:\\xampp\\htdocs\\Barberia\\public\\index.php')
