CRITICAL - 2024-10-03 02:11:06 --> ErrorException: Undefined property: stdClass::$productos
[Method: GET, Route: proveedor/addProveedor]
in APPPATH\Views\proveedor\addProveedor.php on line 51.
 1 APPPATH\Views\proveedor\addProveedor.php(51): CodeIgniter\Debug\Exceptions->errorHandler(2, 'Undefined property: stdClass::$productos', 'C:\\xampp\\htdocs\\Barberia\\app\\Views\\proveedor\\addProveedor.php', 51)
 2 SYSTEMPATH\View\View.php(234): include('C:\\xampp\\htdocs\\Barberia\\app\\Views\\proveedor\\addProveedor.php')
 3 SYSTEMPATH\View\View.php(237): CodeIgniter\View\View->CodeIgniter\View\{closure}()
 4 SYSTEMPATH\Common.php(1169): CodeIgniter\View\View->render('proveedor/addProveedor', [], true)
 5 APPPATH\Controllers\Proveedor.php(16): view('proveedor/addProveedor', [...])
 6 SYSTEMPATH\CodeIgniter.php(933): App\Controllers\Proveedor->index()
 7 SYSTEMPATH\CodeIgniter.php(509): CodeIgniter\CodeIgniter->runController(Object(App\Controllers\Proveedor))
 8 SYSTEMPATH\CodeIgniter.php(355): CodeIgniter\CodeIgniter->handleRequest(null, Object(Config\Cache), false)
 9 SYSTEMPATH\Boot.php(325): CodeIgniter\CodeIgniter->run()
10 SYSTEMPATH\Boot.php(67): CodeIgniter\Boot::runCodeIgniter(Object(CodeIgniter\CodeIgniter))
11 FCPATH\index.php(56): CodeIgniter\Boot::bootWeb(Object(Config\Paths))
12 SYSTEMPATH\rewrite.php(44): require_once('C:\\xampp\\htdocs\\Barberia\\public\\index.php')
CRITICAL - 2024-10-03 03:09:14 --> ErrorException: Undefined property: stdClass::$productos
[Method: GET, Route: proveedor/editarProveedor/20]
in APPPATH\Views\proveedor\editarProveedor.php on line 36.
 1 APPPATH\Views\proveedor\editarProveedor.php(36): CodeIgniter\Debug\Exceptions->errorHandler(2, 'Undefined property: stdClass::$productos', 'C:\\xampp\\htdocs\\Barberia\\app\\Views\\proveedor\\editarProveedor.php', 36)
 2 SYSTEMPATH\View\View.php(234): include('C:\\xampp\\htdocs\\Barberia\\app\\Views\\proveedor\\editarProveedor.php')
 3 SYSTEMPATH\View\View.php(237): CodeIgniter\View\View->CodeIgniter\View\{closure}()
 4 SYSTEMPATH\Common.php(1169): CodeIgniter\View\View->render('proveedor/editarProveedor', [], true)
 5 APPPATH\Controllers\Proveedor.php(52): view('proveedor/editarProveedor', [...])
 6 SYSTEMPATH\CodeIgniter.php(933): App\Controllers\Proveedor->editarProv('20')
 7 SYSTEMPATH\CodeIgniter.php(509): CodeIgniter\CodeIgniter->runController(Object(App\Controllers\Proveedor))
 8 SYSTEMPATH\CodeIgniter.php(355): CodeIgniter\CodeIgniter->handleRequest(null, Object(Config\Cache), false)
 9 SYSTEMPATH\Boot.php(325): CodeIgniter\CodeIgniter->run()
10 SYSTEMPATH\Boot.php(67): CodeIgniter\Boot::runCodeIgniter(Object(CodeIgniter\CodeIgniter))
11 FCPATH\index.php(56): CodeIgniter\Boot::bootWeb(Object(Config\Paths))
12 SYSTEMPATH\rewrite.php(44): require_once('C:\\xampp\\htdocs\\Barberia\\public\\index.php')
INFO - 2024-10-03 03:34:57 --> Session: Class initialized using 'CodeIgniter\Session\Handlers\FileHandler' driver.
INFO - 2024-10-03 03:36:55 --> Session: Class initialized using 'CodeIgniter\Session\Handlers\FileHandler' driver.
INFO - 2024-10-03 03:38:17 --> Session: Class initialized using 'CodeIgniter\Session\Handlers\FileHandler' driver.
CRITICAL - 2024-10-03 04:31:13 --> ErrorException: Undefined array key 0
[Method: GET, Route: pedido/editarPedido/1]
in APPPATH\Views\compra\editarCompra.php on line 12.
 1 APPPATH\Views\compra\editarCompra.php(12): CodeIgniter\Debug\Exceptions->errorHandler(2, 'Undefined array key 0', 'C:\\xampp\\htdocs\\Barberia\\app\\Views\\compra\\editarCompra.php', 12)
 2 SYSTEMPATH\View\View.php(234): include('C:\\xampp\\htdocs\\Barberia\\app\\Views\\compra\\editarCompra.php')
 3 SYSTEMPATH\View\View.php(237): CodeIgniter\View\View->CodeIgniter\View\{closure}()
 4 SYSTEMPATH\Common.php(1169): CodeIgniter\View\View->render('compra/editarCompra', [], true)
 5 APPPATH\Controllers\Pedido.php(80): view('compra/editarCompra', [...])
 6 SYSTEMPATH\CodeIgniter.php(933): App\Controllers\Pedido->editarPedido('1')
 7 SYSTEMPATH\CodeIgniter.php(509): CodeIgniter\CodeIgniter->runController(Object(App\Controllers\Pedido))
 8 SYSTEMPATH\CodeIgniter.php(355): CodeIgniter\CodeIgniter->handleRequest(null, Object(Config\Cache), false)
 9 SYSTEMPATH\Boot.php(325): CodeIgniter\CodeIgniter->run()
10 SYSTEMPATH\Boot.php(67): CodeIgniter\Boot::runCodeIgniter(Object(CodeIgniter\CodeIgniter))
11 FCPATH\index.php(56): CodeIgniter\Boot::bootWeb(Object(Config\Paths))
12 SYSTEMPATH\rewrite.php(44): require_once('C:\\xampp\\htdocs\\Barberia\\public\\index.php')
